"C:\Users\Alexandre\Documents\Ferramenta-Backup\Code\controls.py" a31141958c951699c662a2255b2630bbc7b8f13d, 1540, 1480634023.2752092
"C:\Users\Alexandre\Documents\Ferramenta-Backup\Code\CRepo.py" 2b9ac2cfa0e65d4499c2f44dc2820bbb6670d068, 8823, 1481676775.0758648
"C:\Users\Alexandre\Documents\Ferramenta-Backup\Code\main.py" 0dccea6d352557905fc6b800e81dbec31c52ae63, 4037, 1481239318.294569
"C:\Users\Alexandre\Documents\Ferramenta-Backup\Code\MasterRPT.idx" 344c7de8a952de4fc0e65247b90136e714b6ad12, 308, 1481157075.8102634
"C:\Users\Alexandre\Documents\Ferramenta-Backup\Code\newrepo.rpt" 3271c991e28de1cae48fae9ccba58fd18d3994f9, 14, 1480294466.5292943
"C:\Users\Alexandre\Documents\Ferramenta-Backup\Code\r1.rpt" da39a3ee5e6b4b0d3255bfef95601890afd80709, 0, 1480292756.351335
"C:\Users\Alexandre\Documents\Ferramenta-Backup\Code\r2.rpt" da39a3ee5e6b4b0d3255bfef95601890afd80709, 0, 1480292761.084191
"C:\Users\Alexandre\Documents\Ferramenta-Backup\Code\r3.rpt" da39a3ee5e6b4b0d3255bfef95601890afd80709, 0, 1480293057.8156753
"C:\Users\Alexandre\Documents\Ferramenta-Backup\Code\r4.rpt" da39a3ee5e6b4b0d3255bfef95601890afd80709, 0, 1480293067.1240447
"C:\Users\Alexandre\Documents\Ferramenta-Backup\Code\r5.rpt" da39a3ee5e6b4b0d3255bfef95601890afd80709, 0, 1480293308.1798973
"C:\Users\Alexandre\Documents\Ferramenta-Backup\Code\repo1.txt" da39a3ee5e6b4b0d3255bfef95601890afd80709, 0, 1480724437.2396927
"C:\Users\Alexandre\Documents\Ferramenta-Backup\Code\test.py" 93c6273f9a7a613aeb48d2ad8fe204828839e6b0, 1598, 1480921851.4976034
"C:\Users\Alexandre\Documents\Ferramenta-Backup\Code\utils.py" 8209476c466f25b35df404b0a9ab0e47dc2c786b, 1782, 1480898835.7338462
"C:\Users\Alexandre\Documents\Ferramenta-Backup\Code\xxx.rpt" da39a3ee5e6b4b0d3255bfef95601890afd80709, 0, 1480293506.556651
"C:\Users\Alexandre\Documents\Ferramenta-Backup\Code\repos\r1\r1.rpt" da39a3ee5e6b4b0d3255bfef95601890afd80709, 0, 1480922802.7319162
"C:\Users\Alexandre\Documents\Ferramenta-Backup\Code\repos\r2\r2.rpt" da39a3ee5e6b4b0d3255bfef95601890afd80709, 0, 1480922802.7319162
"C:\Users\Alexandre\Documents\Ferramenta-Backup\Code\repos\r3\r3.rpt" c4e9a56a4b9ef7cd8558132a6accfeeba2f878db, 9, 1481240837.458249
"C:\Users\Alexandre\Documents\Ferramenta-Backup\Code\repos\r4\r4.rpt" 68328f87e903b19061e59f546dd21da544139e8b, 8, 1481240880.372182
"C:\Users\Alexandre\Documents\Ferramenta-Backup\Code\__pycache__\controls.cpython-35.pyc" 62e4de5ea40598487755150cb790338fa0ec4e91, 2917, 1480634025.778854
"C:\Users\Alexandre\Documents\Ferramenta-Backup\Code\__pycache__\CRepo.cpython-35.pyc" a54af002f5b00025f789996e86666954dec5af80, 9319, 1481676777.113022
"C:\Users\Alexandre\Documents\Ferramenta-Backup\Code\__pycache__\utils.cpython-35.pyc" 558fe3b022c6c732424a0308931cd37a207ae714, 1949, 1480898837.167802
